<?xml version="1.0" encoding="UTF-8"?>
<!-- Generated by org.testng.reporters.JUnitReportReporter -->
<testsuite hostname="Maheeps-MacBook-Air.local" failures="0" tests="4" name="practise.Framework.StandAloneTest" time="57.797" errors="0" timestamp="2025-06-02T10:27:58 IST" skipped="0">
  <testcase classname="practise.Framework.StandAloneTest" name="order_info" time="12.915"/>
  <testcase classname="practise.Framework.StandAloneTest" name="submitOrder" time="15.811"/>
  <testcase classname="practise.Framework.StandAloneTest" name="submitOrder" time="15.922"/>
  <testcase classname="practise.Framework.StandAloneTest" name="order_info" time="13.149"/>
</testsuite> <!-- practise.Framework.StandAloneTest -->
