<?xml version="1.0" encoding="UTF-8"?>
<!-- Generated by org.testng.reporters.JUnitReportReporter -->
<testsuite hostname="Maheeps-MacBook-Air.local" failures="0" tests="5" name="practise.Framework.StandAloneTest2_copy_1" time="18.653" errors="0" timestamp="2025-05-31T15:52:21 IST" skipped="0">
  <testcase classname="practise.Framework.StandAloneTest2_copy_1" name="order_info" time="2.144"/>
  <testcase classname="practise.Framework.StandAloneTest2_copy_1" name="submitOrder" time="5.650"/>
  <testcase classname="practise.Framework.StandAloneTest2_copy_1" name="order_info" time="3.197"/>
  <testcase classname="practise.Framework.StandAloneTest2_copy_1" name="message" time="1.682"/>
  <testcase classname="practise.Framework.StandAloneTest2_copy_1" name="submitOrder" time="5.980"/>
</testsuite> <!-- practise.Framework.StandAloneTest2_copy_1 -->
