<?xml version="1.0" encoding="UTF-8"?>
<!-- Generated by org.testng.reporters.JUnitReportReporter -->
<testsuite hostname="Maheeps-MacBook-Air.local" failures="0" tests="5" name="practise.Framework.StandAloneTest2_UsingJSON" time="19.027" errors="0" timestamp="2025-06-01T12:20:57 IST" skipped="0">
  <testcase classname="practise.Framework.StandAloneTest2_UsingJSON" name="submitOrder" time="7.384"/>
  <testcase classname="practise.Framework.StandAloneTest2_UsingJSON" name="submitOrder" time="5.711"/>
  <testcase classname="practise.Framework.StandAloneTest2_UsingJSON" name="order_info" time="2.130"/>
  <testcase classname="practise.Framework.StandAloneTest2_UsingJSON" name="message" time="1.729"/>
  <testcase classname="practise.Framework.StandAloneTest2_UsingJSON" name="order_info" time="2.073"/>
</testsuite> <!-- practise.Framework.StandAloneTest2_UsingJSON -->
