<?xml version="1.0" encoding="UTF-8"?>
<!-- Generated by org.testng.reporters.JUnitReportReporter -->
<testsuite hostname="Maheeps-MacBook-Air.local" failures="0" tests="5" name="practise.Framework.StandAloneTest2_HashMap" time="17.791" errors="0" timestamp="2025-05-31T15:54:48 IST" skipped="0">
  <testcase classname="practise.Framework.StandAloneTest2_HashMap" name="submitOrder" time="6.076"/>
  <testcase classname="practise.Framework.StandAloneTest2_HashMap" name="order_info" time="2.110"/>
  <testcase classname="practise.Framework.StandAloneTest2_HashMap" name="message" time="1.722"/>
  <testcase classname="practise.Framework.StandAloneTest2_HashMap" name="order_info" time="2.107"/>
  <testcase classname="practise.Framework.StandAloneTest2_HashMap" name="submitOrder" time="5.776"/>
</testsuite> <!-- practise.Framework.StandAloneTest2_HashMap -->
