<?xml version="1.0" encoding="UTF-8"?>
<testsuite xmlns:xsi="http://www.w3.org/2001/XMLSchema-instance" xsi:noNamespaceSchemaLocation="https://maven.apache.org/surefire/maven-surefire-plugin/xsd/surefire-test-report.xsd" version="3.0.2" name="TestSuite" time="30.881" tests="6" errors="0" skipped="0" failures="0">
  <properties>
    <property name="java.specification.version" value="24"/>
    <property name="sun.jnu.encoding" value="UTF-8"/>
    <property name="java.class.path" value="/Users/maheep/eclipse-workspace/Framework/target/test-classes:/Users/maheep/eclipse-workspace/Framework/target/classes:/Users/maheep/.m2/repository/com/fasterxml/jackson/core/jackson-databind/2.19.0/jackson-databind-2.19.0.jar:/Users/maheep/.m2/repository/com/fasterxml/jackson/core/jackson-annotations/2.19.0/jackson-annotations-2.19.0.jar:/Users/maheep/.m2/repository/com/fasterxml/jackson/core/jackson-core/2.19.0/jackson-core-2.19.0.jar:/Users/maheep/.m2/repository/org/seleniumhq/selenium/selenium-java/4.32.0/selenium-java-4.32.0.jar:/Users/maheep/.m2/repository/org/seleniumhq/selenium/selenium-api/4.32.0/selenium-api-4.32.0.jar:/Users/maheep/.m2/repository/org/jspecify/jspecify/1.0.0/jspecify-1.0.0.jar:/Users/maheep/.m2/repository/org/seleniumhq/selenium/selenium-chrome-driver/4.32.0/selenium-chrome-driver-4.32.0.jar:/Users/maheep/.m2/repository/com/google/auto/service/auto-service-annotations/1.1.1/auto-service-annotations-1.1.1.jar:/Users/maheep/.m2/repository/org/seleniumhq/selenium/selenium-chromium-driver/4.32.0/selenium-chromium-driver-4.32.0.jar:/Users/maheep/.m2/repository/org/seleniumhq/selenium/selenium-json/4.32.0/selenium-json-4.32.0.jar:/Users/maheep/.m2/repository/org/seleniumhq/selenium/selenium-manager/4.32.0/selenium-manager-4.32.0.jar:/Users/maheep/.m2/repository/org/seleniumhq/selenium/selenium-devtools-v134/4.32.0/selenium-devtools-v134-4.32.0.jar:/Users/maheep/.m2/repository/org/seleniumhq/selenium/selenium-devtools-v135/4.32.0/selenium-devtools-v135-4.32.0.jar:/Users/maheep/.m2/repository/org/seleniumhq/selenium/selenium-devtools-v136/4.32.0/selenium-devtools-v136-4.32.0.jar:/Users/maheep/.m2/repository/org/seleniumhq/selenium/selenium-edge-driver/4.32.0/selenium-edge-driver-4.32.0.jar:/Users/maheep/.m2/repository/org/seleniumhq/selenium/selenium-firefox-driver/4.32.0/selenium-firefox-driver-4.32.0.jar:/Users/maheep/.m2/repository/org/seleniumhq/selenium/selenium-http/4.32.0/selenium-http-4.32.0.jar:/Users/maheep/.m2/repository/org/seleniumhq/selenium/selenium-ie-driver/4.32.0/selenium-ie-driver-4.32.0.jar:/Users/maheep/.m2/repository/org/seleniumhq/selenium/selenium-remote-driver/4.32.0/selenium-remote-driver-4.32.0.jar:/Users/maheep/.m2/repository/com/google/guava/guava/33.4.8-jre/guava-33.4.8-jre.jar:/Users/maheep/.m2/repository/com/google/guava/failureaccess/1.0.3/failureaccess-1.0.3.jar:/Users/maheep/.m2/repository/com/google/guava/listenablefuture/9999.0-empty-to-avoid-conflict-with-guava/listenablefuture-9999.0-empty-to-avoid-conflict-with-guava.jar:/Users/maheep/.m2/repository/com/google/errorprone/error_prone_annotations/2.36.0/error_prone_annotations-2.36.0.jar:/Users/maheep/.m2/repository/com/google/j2objc/j2objc-annotations/3.0.0/j2objc-annotations-3.0.0.jar:/Users/maheep/.m2/repository/io/opentelemetry/opentelemetry-api/1.49.0/opentelemetry-api-1.49.0.jar:/Users/maheep/.m2/repository/io/opentelemetry/opentelemetry-context/1.49.0/opentelemetry-context-1.49.0.jar:/Users/maheep/.m2/repository/io/opentelemetry/opentelemetry-exporter-logging/1.49.0/opentelemetry-exporter-logging-1.49.0.jar:/Users/maheep/.m2/repository/io/opentelemetry/opentelemetry-sdk-common/1.49.0/opentelemetry-sdk-common-1.49.0.jar:/Users/maheep/.m2/repository/io/opentelemetry/opentelemetry-sdk-extension-autoconfigure-spi/1.49.0/opentelemetry-sdk-extension-autoconfigure-spi-1.49.0.jar:/Users/maheep/.m2/repository/io/opentelemetry/opentelemetry-sdk-extension-autoconfigure/1.49.0/opentelemetry-sdk-extension-autoconfigure-1.49.0.jar:/Users/maheep/.m2/repository/io/opentelemetry/opentelemetry-sdk-trace/1.49.0/opentelemetry-sdk-trace-1.49.0.jar:/Users/maheep/.m2/repository/io/opentelemetry/opentelemetry-sdk/1.49.0/opentelemetry-sdk-1.49.0.jar:/Users/maheep/.m2/repository/io/opentelemetry/opentelemetry-sdk-metrics/1.49.0/opentelemetry-sdk-metrics-1.49.0.jar:/Users/maheep/.m2/repository/io/opentelemetry/opentelemetry-sdk-logs/1.49.0/opentelemetry-sdk-logs-1.49.0.jar:/Users/maheep/.m2/repository/net/bytebuddy/byte-buddy/1.17.5/byte-buddy-1.17.5.jar:/Users/maheep/.m2/repository/org/seleniumhq/selenium/selenium-os/4.32.0/selenium-os-4.32.0.jar:/Users/maheep/.m2/repository/org/apache/commons/commons-exec/1.4.0/commons-exec-1.4.0.jar:/Users/maheep/.m2/repository/org/seleniumhq/selenium/selenium-safari-driver/4.32.0/selenium-safari-driver-4.32.0.jar:/Users/maheep/.m2/repository/org/seleniumhq/selenium/selenium-support/4.32.0/selenium-support-4.32.0.jar:/Users/maheep/.m2/repository/org/testng/testng/7.11.0/testng-7.11.0.jar:/Users/maheep/.m2/repository/org/slf4j/slf4j-api/2.0.16/slf4j-api-2.0.16.jar:/Users/maheep/.m2/repository/org/jcommander/jcommander/1.83/jcommander-1.83.jar:/Users/maheep/.m2/repository/org/webjars/jquery/3.7.1/jquery-3.7.1.jar:"/>
    <property name="java.vm.vendor" value="Oracle Corporation"/>
    <property name="sun.arch.data.model" value="64"/>
    <property name="java.vendor.url" value="https://java.oracle.com/"/>
    <property name="user.timezone" value="Asia/Kolkata"/>
    <property name="os.name" value="Mac OS X"/>
    <property name="java.vm.specification.version" value="24"/>
    <property name="sun.java.launcher" value="SUN_STANDARD"/>
    <property name="user.country" value="IN"/>
    <property name="sun.boot.library.path" value="/Library/Java/JavaVirtualMachines/jdk-24.jdk/Contents/Home/lib"/>
    <property name="sun.java.command" value="/Users/maheep/eclipse-workspace/Framework/target/surefire/surefirebooter-20250603155620553_3.jar /Users/maheep/eclipse-workspace/Framework/target/surefire 2025-06-03T15-56-20_456-jvmRun1 surefire-20250603155620553_1tmp surefire_0-20250603155620553_2tmp"/>
    <property name="http.nonProxyHosts" value="local|*.local|169.254/16|*.169.254/16"/>
    <property name="jdk.debug" value="release"/>
    <property name="surefire.test.class.path" value="/Users/maheep/eclipse-workspace/Framework/target/test-classes:/Users/maheep/eclipse-workspace/Framework/target/classes:/Users/maheep/.m2/repository/com/fasterxml/jackson/core/jackson-databind/2.19.0/jackson-databind-2.19.0.jar:/Users/maheep/.m2/repository/com/fasterxml/jackson/core/jackson-annotations/2.19.0/jackson-annotations-2.19.0.jar:/Users/maheep/.m2/repository/com/fasterxml/jackson/core/jackson-core/2.19.0/jackson-core-2.19.0.jar:/Users/maheep/.m2/repository/org/seleniumhq/selenium/selenium-java/4.32.0/selenium-java-4.32.0.jar:/Users/maheep/.m2/repository/org/seleniumhq/selenium/selenium-api/4.32.0/selenium-api-4.32.0.jar:/Users/maheep/.m2/repository/org/jspecify/jspecify/1.0.0/jspecify-1.0.0.jar:/Users/maheep/.m2/repository/org/seleniumhq/selenium/selenium-chrome-driver/4.32.0/selenium-chrome-driver-4.32.0.jar:/Users/maheep/.m2/repository/com/google/auto/service/auto-service-annotations/1.1.1/auto-service-annotations-1.1.1.jar:/Users/maheep/.m2/repository/org/seleniumhq/selenium/selenium-chromium-driver/4.32.0/selenium-chromium-driver-4.32.0.jar:/Users/maheep/.m2/repository/org/seleniumhq/selenium/selenium-json/4.32.0/selenium-json-4.32.0.jar:/Users/maheep/.m2/repository/org/seleniumhq/selenium/selenium-manager/4.32.0/selenium-manager-4.32.0.jar:/Users/maheep/.m2/repository/org/seleniumhq/selenium/selenium-devtools-v134/4.32.0/selenium-devtools-v134-4.32.0.jar:/Users/maheep/.m2/repository/org/seleniumhq/selenium/selenium-devtools-v135/4.32.0/selenium-devtools-v135-4.32.0.jar:/Users/maheep/.m2/repository/org/seleniumhq/selenium/selenium-devtools-v136/4.32.0/selenium-devtools-v136-4.32.0.jar:/Users/maheep/.m2/repository/org/seleniumhq/selenium/selenium-edge-driver/4.32.0/selenium-edge-driver-4.32.0.jar:/Users/maheep/.m2/repository/org/seleniumhq/selenium/selenium-firefox-driver/4.32.0/selenium-firefox-driver-4.32.0.jar:/Users/maheep/.m2/repository/org/seleniumhq/selenium/selenium-http/4.32.0/selenium-http-4.32.0.jar:/Users/maheep/.m2/repository/org/seleniumhq/selenium/selenium-ie-driver/4.32.0/selenium-ie-driver-4.32.0.jar:/Users/maheep/.m2/repository/org/seleniumhq/selenium/selenium-remote-driver/4.32.0/selenium-remote-driver-4.32.0.jar:/Users/maheep/.m2/repository/com/google/guava/guava/33.4.8-jre/guava-33.4.8-jre.jar:/Users/maheep/.m2/repository/com/google/guava/failureaccess/1.0.3/failureaccess-1.0.3.jar:/Users/maheep/.m2/repository/com/google/guava/listenablefuture/9999.0-empty-to-avoid-conflict-with-guava/listenablefuture-9999.0-empty-to-avoid-conflict-with-guava.jar:/Users/maheep/.m2/repository/com/google/errorprone/error_prone_annotations/2.36.0/error_prone_annotations-2.36.0.jar:/Users/maheep/.m2/repository/com/google/j2objc/j2objc-annotations/3.0.0/j2objc-annotations-3.0.0.jar:/Users/maheep/.m2/repository/io/opentelemetry/opentelemetry-api/1.49.0/opentelemetry-api-1.49.0.jar:/Users/maheep/.m2/repository/io/opentelemetry/opentelemetry-context/1.49.0/opentelemetry-context-1.49.0.jar:/Users/maheep/.m2/repository/io/opentelemetry/opentelemetry-exporter-logging/1.49.0/opentelemetry-exporter-logging-1.49.0.jar:/Users/maheep/.m2/repository/io/opentelemetry/opentelemetry-sdk-common/1.49.0/opentelemetry-sdk-common-1.49.0.jar:/Users/maheep/.m2/repository/io/opentelemetry/opentelemetry-sdk-extension-autoconfigure-spi/1.49.0/opentelemetry-sdk-extension-autoconfigure-spi-1.49.0.jar:/Users/maheep/.m2/repository/io/opentelemetry/opentelemetry-sdk-extension-autoconfigure/1.49.0/opentelemetry-sdk-extension-autoconfigure-1.49.0.jar:/Users/maheep/.m2/repository/io/opentelemetry/opentelemetry-sdk-trace/1.49.0/opentelemetry-sdk-trace-1.49.0.jar:/Users/maheep/.m2/repository/io/opentelemetry/opentelemetry-sdk/1.49.0/opentelemetry-sdk-1.49.0.jar:/Users/maheep/.m2/repository/io/opentelemetry/opentelemetry-sdk-metrics/1.49.0/opentelemetry-sdk-metrics-1.49.0.jar:/Users/maheep/.m2/repository/io/opentelemetry/opentelemetry-sdk-logs/1.49.0/opentelemetry-sdk-logs-1.49.0.jar:/Users/maheep/.m2/repository/net/bytebuddy/byte-buddy/1.17.5/byte-buddy-1.17.5.jar:/Users/maheep/.m2/repository/org/seleniumhq/selenium/selenium-os/4.32.0/selenium-os-4.32.0.jar:/Users/maheep/.m2/repository/org/apache/commons/commons-exec/1.4.0/commons-exec-1.4.0.jar:/Users/maheep/.m2/repository/org/seleniumhq/selenium/selenium-safari-driver/4.32.0/selenium-safari-driver-4.32.0.jar:/Users/maheep/.m2/repository/org/seleniumhq/selenium/selenium-support/4.32.0/selenium-support-4.32.0.jar:/Users/maheep/.m2/repository/org/testng/testng/7.11.0/testng-7.11.0.jar:/Users/maheep/.m2/repository/org/slf4j/slf4j-api/2.0.16/slf4j-api-2.0.16.jar:/Users/maheep/.m2/repository/org/jcommander/jcommander/1.83/jcommander-1.83.jar:/Users/maheep/.m2/repository/org/webjars/jquery/3.7.1/jquery-3.7.1.jar:"/>
    <property name="sun.cpu.endian" value="little"/>
    <property name="user.home" value="/Users/maheep"/>
    <property name="user.language" value="en"/>
    <property name="java.specification.vendor" value="Oracle Corporation"/>
    <property name="java.version.date" value="2025-04-15"/>
    <property name="java.home" value="/Library/Java/JavaVirtualMachines/jdk-24.jdk/Contents/Home"/>
    <property name="file.separator" value="/"/>
    <property name="basedir" value="/Users/maheep/eclipse-workspace/Framework"/>
    <property name="java.vm.compressedOopsMode" value="Zero based"/>
    <property name="line.separator" value="&#10;"/>
    <property name="java.vm.specification.vendor" value="Oracle Corporation"/>
    <property name="java.specification.name" value="Java Platform API Specification"/>
    <property name="driver" value="Chrome"/>
    <property name="apple.awt.application.name" value="ForkedBooter"/>
    <property name="surefire.real.class.path" value="/Users/maheep/eclipse-workspace/Framework/target/surefire/surefirebooter-20250603155620553_3.jar"/>
    <property name="sun.management.compiler" value="HotSpot 64-Bit Tiered Compilers"/>
    <property name="ftp.nonProxyHosts" value="local|*.local|169.254/16|*.169.254/16"/>
    <property name="java.runtime.version" value="24.0.1+9-30"/>
    <property name="user.name" value="maheep"/>
    <property name="stdout.encoding" value="UTF-8"/>
    <property name="path.separator" value=":"/>
    <property name="os.version" value="15.5"/>
    <property name="java.runtime.name" value="Java(TM) SE Runtime Environment"/>
    <property name="file.encoding" value="UTF-8"/>
    <property name="java.vm.name" value="Java HotSpot(TM) 64-Bit Server VM"/>
    <property name="localRepository" value="/Users/maheep/.m2/repository"/>
    <property name="java.vendor.url.bug" value="https://bugreport.java.com/bugreport/"/>
    <property name="java.io.tmpdir" value="/var/folders/k7/td0qqxwd61n6_kb6wq1grhxc0000gn/T/"/>
    <property name="java.version" value="24.0.1"/>
    <property name="user.dir" value="/Users/maheep/eclipse-workspace/Framework"/>
    <property name="os.arch" value="aarch64"/>
    <property name="java.vm.specification.name" value="Java Virtual Machine Specification"/>
    <property name="native.encoding" value="UTF-8"/>
    <property name="java.library.path" value="/Users/maheep/Library/Java/Extensions:/Library/Java/Extensions:/Network/Library/Java/Extensions:/System/Library/Java/Extensions:/usr/lib/java:."/>
    <property name="java.vm.info" value="mixed mode, sharing"/>
    <property name="stderr.encoding" value="UTF-8"/>
    <property name="java.vendor" value="Oracle Corporation"/>
    <property name="java.vm.version" value="24.0.1+9-30"/>
    <property name="sun.io.unicode.encoding" value="UnicodeBig"/>
    <property name="socksNonProxyHosts" value="local|*.local|169.254/16|*.169.254/16"/>
    <property name="java.class.version" value="68.0"/>
  </properties>
  <testcase name="aerrorValidation" classname="practise.Framework.ErrorValidations" time="0.968">
    <system-out><![CDATA[Let's Shop
Let's Shop
Incorrect email or password.
]]></system-out>
    <system-err><![CDATA[SLF4J(W): No SLF4J providers were found.
SLF4J(W): Defaulting to no-operation (NOP) logger implementation
SLF4J(W): See https://www.slf4j.org/codes.html#noProviders for further details.
Jun 03, 2025 3:56:32 PM org.openqa.selenium.devtools.CdpVersionFinder findNearestMatch
WARNING: Unable to find an exact match for CDP version 137, returning the closest version; found: 136; Please update to a Selenium version that supports CDP version 137
Jun 03, 2025 3:56:32 PM org.openqa.selenium.devtools.CdpVersionFinder findNearestMatch
WARNING: Unable to find an exact match for CDP version 137, returning the closest version; found: 136; Please update to a Selenium version that supports CDP version 137
]]></system-err>
  </testcase>
  <testcase name="directLogin" classname="practise.Framework.ErrorValidations" time="0.162">
    <system-out><![CDATA[*Password is required
]]></system-out>
    <system-err><![CDATA[Jun 03, 2025 3:56:35 PM org.openqa.selenium.devtools.CdpVersionFinder findNearestMatch
WARNING: Unable to find an exact match for CDP version 137, returning the closest version; found: 136; Please update to a Selenium version that supports CDP version 137
]]></system-err>
  </testcase>
  <testcase name="submitOrder[msd7@gmail.com, Qwerty@123, ZARA](1)" classname="practise.Framework.StandAloneTest" time="1.982">
    <system-out><![CDATA[1
683ecdde81a20695305c7fb1
]]></system-out>
  </testcase>
  <testcase name="submitOrder[msd712@gmail.com, Qwerty@123, ADIDAS](2)" classname="practise.Framework.StandAloneTest" time="4.87">
    <system-out><![CDATA[Let's Shop
1
683ecde581a20695305c7fd4
]]></system-out>
    <system-err><![CDATA[Jun 03, 2025 3:56:40 PM org.openqa.selenium.devtools.CdpVersionFinder findNearestMatch
WARNING: Unable to find an exact match for CDP version 137, returning the closest version; found: 136; Please update to a Selenium version that supports CDP version 137
]]></system-err>
  </testcase>
  <testcase name="order_info[msd7@gmail.com, Qwerty@123, ZARA](1)" classname="practise.Framework.StandAloneTest" time="0.774">
    <system-out><![CDATA[683ecdde81a20695305c7fb1
]]></system-out>
    <system-err><![CDATA[Jun 03, 2025 3:56:47 PM org.openqa.selenium.devtools.CdpVersionFinder findNearestMatch
WARNING: Unable to find an exact match for CDP version 137, returning the closest version; found: 136; Please update to a Selenium version that supports CDP version 137
]]></system-err>
  </testcase>
  <testcase name="order_info[msd712@gmail.com, Qwerty@123, ADIDAS](2)" classname="practise.Framework.StandAloneTest" time="0.453">
    <system-out><![CDATA[683ecde581a20695305c7fd4
]]></system-out>
    <system-err><![CDATA[Jun 03, 2025 3:56:49 PM org.openqa.selenium.devtools.CdpVersionFinder findNearestMatch
WARNING: Unable to find an exact match for CDP version 137, returning the closest version; found: 136; Please update to a Selenium version that supports CDP version 137
]]></system-err>
  </testcase>
</testsuite>