<?xml version="1.0" encoding="UTF-8"?>
<!-- Generated by org.testng.reporters.JUnitReportReporter -->
<testsuite hostname="Maheeps-MacBook-Air.local" failures="0" tests="2" name="practise.Framework.ErrorValidations" time="16.010" errors="0" timestamp="2025-06-03T15:56:51 IST" skipped="0">
  <testcase classname="practise.Framework.ErrorValidations" name="aerrorValidation" time="13.732"/>
  <testcase classname="practise.Framework.ErrorValidations" name="directLogin" time="2.278"/>
</testsuite> <!-- practise.Framework.ErrorValidations -->
