<?xml version="1.0" encoding="UTF-8"?>
<!-- Generated by org.testng.reporters.JUnitReportReporter -->
<testsuite hostname="Maheeps-MacBook-Air.local" failures="0" tests="4" name="practise.Framework.StandAloneTest" time="30.529" errors="0" timestamp="2025-06-03T15:56:51 IST" skipped="0">
  <testcase classname="practise.Framework.StandAloneTest" name="submitOrder" time="7.397"/>
  <testcase classname="practise.Framework.StandAloneTest" name="order_info" time="13.234"/>
  <testcase classname="practise.Framework.StandAloneTest" name="order_info" time="2.878"/>
  <testcase classname="practise.Framework.StandAloneTest" name="submitOrder" time="7.020"/>
</testsuite> <!-- practise.Framework.StandAloneTest -->
